<?xml version="1.0" encoding="UTF-8"?>
<testng-results ignored="0" total="1" passed="1" failed="0" skipped="0">
  <reporter-output>
  </reporter-output>
  <suite started-at="2021-07-17T11:13:39 EDT" name="Default suite" finished-at="2021-07-17T11:13:53 EDT" duration-ms="13555">
    <groups>
    </groups>
    <test started-at="2021-07-17T11:13:39 EDT" name="Default test" finished-at="2021-07-17T11:13:53 EDT" duration-ms="13555">
      <class name="com.testexecute.TestngSmokeReport">
        <test-method is-config="true" signature="startTest()[pri:0, instance:com.testexecute.TestngSmokeReport@69e1dd28]" started-at="2021-07-17T11:13:39 EDT" name="startTest" finished-at="2021-07-17T11:13:44 EDT" duration-ms="5140" status="PASS">
          <reporter-output>
          </reporter-output>
        </test-method> <!-- startTest -->
        <test-method signature="smoke()[pri:0, instance:com.testexecute.TestngSmokeReport@69e1dd28]" started-at="2021-07-17T11:13:44 EDT" name="smoke" finished-at="2021-07-17T11:13:52 EDT" duration-ms="7447" status="PASS">
          <reporter-output>
          </reporter-output>
        </test-method> <!-- smoke -->
        <test-method is-config="true" signature="teardown()[pri:0, instance:com.testexecute.TestngSmokeReport@69e1dd28]" started-at="2021-07-17T11:13:52 EDT" name="teardown" finished-at="2021-07-17T11:13:53 EDT" duration-ms="908" status="PASS">
          <reporter-output>
          </reporter-output>
        </test-method> <!-- teardown -->
      </class> <!-- com.testexecute.TestngSmokeReport -->
    </test> <!-- Default test -->
  </suite> <!-- Default suite -->
</testng-results>
